# JRE version: Java(TM) SE Runtime Environment (8.0_121-b13) (build 1.8.0_121-b13)
# Java VM: Java HotSpot(TM) 64-Bit Server VM (25.121-b13 mixed mode windows-amd64 compressed oops)
Heap:
 PSYoungGen      total 350720K, used 205975K [0x00000000e0000000, 0x00000000f9180000, 0x0000000100000000)
  eden space 306688K, 57% used [0x00000000e0000000,0x00000000eaace8d8,0x00000000f2b80000)
  from space 44032K, 70% used [0x00000000f5880000,0x00000000f76d7510,0x00000000f8380000)
  to   space 46080K, 0% used [0x00000000f2b80000,0x00000000f2b80000,0x00000000f5880000)
 ParOldGen       total 196096K, used 50792K [0x00000000a0000000, 0x00000000abf80000, 0x00000000e0000000)
  object space 196096K, 25% used [0x00000000a0000000,0x00000000a319a000,0x00000000abf80000)
 Metaspace       used 83623K, capacity 94969K, committed 95232K, reserved 1132544K
  class space    used 11521K, capacity 12187K, committed 12288K, reserved 1048576K
GC Heap History (10 events):
Event: 24.398 GC heap before
{Heap before GC invocations=15 (full 5):
 PSYoungGen      total 182272K, used 166305K [0x00000000e0000000, 0x00000000efa00000, 0x0000000100000000)
  eden space 158720K, 100% used [0x00000000e0000000,0x00000000e9b00000,0x00000000e9b00000)
  from space 23552K, 32% used [0x00000000e9b00000,0x00000000ea268448,0x00000000eb200000)
  to   space 23040K, 0% used [0x00000000ee380000,0x00000000ee380000,0x00000000efa00000)
 ParOldGen       total 196096K, used 36169K [0x00000000a0000000, 0x00000000abf80000, 0x00000000e0000000)
  object space 196096K, 18% used [0x00000000a0000000,0x00000000a23524e0,0x00000000abf80000)
 Metaspace       used 78701K, capacity 89169K, committed 89216K, reserved 1126400K
  class space    used 10977K, capacity 11619K, committed 11648K, reserved 1048576K
Event: 24.464 GC heap after
Heap after GC invocations=15 (full 5):
 PSYoungGen      total 224256K, used 23012K [0x00000000e0000000, 0x00000000f0e00000, 0x0000000100000000)
  eden space 201216K, 0% used [0x00000000e0000000,0x00000000e0000000,0x00000000ec480000)
  from space 23040K, 99% used [0x00000000ee380000,0x00000000ef9f9070,0x00000000efa00000)
  to   space 31744K, 0% used [0x00000000ec480000,0x00000000ec480000,0x00000000ee380000)
 ParOldGen       total 196096K, used 50760K [0x00000000a0000000, 0x00000000abf80000, 0x00000000e0000000)
  object space 196096K, 25% used [0x00000000a0000000,0x00000000a3192000,0x00000000abf80000)
 Metaspace       used 78701K, capacity 89169K, committed 89216K, reserved 1126400K
  class space    used 10977K, capacity 11619K, committed 11648K, reserved 1048576K
}
Event: 26.955 GC heap before
{Heap before GC invocations=16 (full 5):
 PSYoungGen      total 224256K, used 224228K [0x00000000e0000000, 0x00000000f0e00000, 0x0000000100000000)
  eden space 201216K, 100% used [0x00000000e0000000,0x00000000ec480000,0x00000000ec480000)
  from space 23040K, 99% used [0x00000000ee380000,0x00000000ef9f9070,0x00000000efa00000)
  to   space 31744K, 0% used [0x00000000ec480000,0x00000000ec480000,0x00000000ee380000)
 ParOldGen       total 196096K, used 50760K [0x00000000a0000000, 0x00000000abf80000, 0x00000000e0000000)
  object space 196096K, 25% used [0x00000000a0000000,0x00000000a3192000,0x00000000abf80000)
 Metaspace       used 82975K, capacity 94109K, committed 94336K, reserved 1132544K
  class space    used 11446K, capacity 12097K, committed 12160K, reserved 1048576K
Event: 26.995 GC heap after
Heap after GC invocations=16 (full 5):
 PSYoungGen      total 232960K, used 30927K [0x00000000e0000000, 0x00000000f3480000, 0x0000000100000000)
  eden space 201216K, 0% used [0x00000000e0000000,0x00000000e0000000,0x00000000ec480000)
  from space 31744K, 97% used [0x00000000ec480000,0x00000000ee2b3c90,0x00000000ee380000)
  to   space 36352K, 0% used [0x00000000f1100000,0x00000000f1100000,0x00000000f3480000)
 ParOldGen       total 196096K, used 50768K [0x00000000a0000000, 0x00000000abf80000, 0x00000000e0000000)
  object space 196096K, 25% used [0x00000000a0000000,0x00000000a3194000,0x00000000abf80000)
 Metaspace       used 82975K, capacity 94109K, committed 94336K, reserved 1132544K
  class space    used 11446K, capacity 12097K, committed 12160K, reserved 1048576K
}
Event: 27.873 GC heap before
{Heap before GC invocations=17 (full 5):
 PSYoungGen      total 232960K, used 232143K [0x00000000e0000000, 0x00000000f3480000, 0x0000000100000000)
  eden space 201216K, 100% used [0x00000000e0000000,0x00000000ec480000,0x00000000ec480000)
  from space 31744K, 97% used [0x00000000ec480000,0x00000000ee2b3c90,0x00000000ee380000)
  to   space 36352K, 0% used [0x00000000f1100000,0x00000000f1100000,0x00000000f3480000)
 ParOldGen       total 196096K, used 50768K [0x00000000a0000000, 0x00000000abf80000, 0x00000000e0000000)
  object space 196096K, 25% used [0x00000000a0000000,0x00000000a3194000,0x00000000abf80000)
 Metaspace       used 83089K, capacity 94237K, committed 94336K, reserved 1132544K
  class space    used 11446K, capacity 12097K, committed 12160K, reserved 1048576K
Event: 27.928 GC heap after
Heap after GC invocations=17 (full 5):
 PSYoungGen      total 274944K, used 32420K [0x00000000e0000000, 0x00000000f4d80000, 0x0000000100000000)
  eden space 238592K, 0% used [0x00000000e0000000,0x00000000e0000000,0x00000000ee900000)
  from space 36352K, 89% used [0x00000000f1100000,0x00000000f30a90b0,0x00000000f3480000)
  to   space 40960K, 0% used [0x00000000ee900000,0x00000000ee900000,0x00000000f1100000)
 ParOldGen       total 196096K, used 50776K [0x00000000a0000000, 0x00000000abf80000, 0x00000000e0000000)
  object space 196096K, 25% used [0x00000000a0000000,0x00000000a3196000,0x00000000abf80000)
 Metaspace       used 83089K, capacity 94237K, committed 94336K, reserved 1132544K
  class space    used 11446K, capacity 12097K, committed 12160K, reserved 1048576K
}
Event: 30.262 GC heap before
{Heap before GC invocations=18 (full 5):
 PSYoungGen      total 274944K, used 271012K [0x00000000e0000000, 0x00000000f4d80000, 0x0000000100000000)
  eden space 238592K, 100% used [0x00000000e0000000,0x00000000ee900000,0x00000000ee900000)
  from space 36352K, 89% used [0x00000000f1100000,0x00000000f30a90b0,0x00000000f3480000)
  to   space 40960K, 0% used [0x00000000ee900000,0x00000000ee900000,0x00000000f1100000)
 ParOldGen       total 196096K, used 50776K [0x00000000a0000000, 0x00000000abf80000, 0x00000000e0000000)
  object space 196096K, 25% used [0x00000000a0000000,0x00000000a3196000,0x00000000abf80000)
 Metaspace       used 83613K, capacity 94961K, committed 95232K, reserved 1132544K
  class space    used 11521K, capacity 12187K, committed 12288K, reserved 1048576K
Event: 30.327 GC heap after
Heap after GC invocations=18 (full 5):
 PSYoungGen      total 279552K, used 31221K [0x00000000e0000000, 0x00000000f8380000, 0x0000000100000000)
  eden space 238592K, 0% used [0x00000000e0000000,0x00000000e0000000,0x00000000ee900000)
  from space 40960K, 76% used [0x00000000ee900000,0x00000000f077d418,0x00000000f1100000)
  to   space 44032K, 0% used [0x00000000f5880000,0x00000000f5880000,0x00000000f8380000)
 ParOldGen       total 196096K, used 50784K [0x00000000a0000000, 0x00000000abf80000, 0x00000000e0000000)
  object space 196096K, 25% used [0x00000000a0000000,0x00000000a3198000,0x00000000abf80000)
 Metaspace       used 83613K, capacity 94961K, committed 95232K, reserved 1132544K
  class space    used 11521K, capacity 12187K, committed 12288K, reserved 1048576K
}
Event: 31.195 GC heap before
{Heap before GC invocations=19 (full 5):
 PSYoungGen      total 279552K, used 269813K [0x00000000e0000000, 0x00000000f8380000, 0x0000000100000000)
  eden space 238592K, 100% used [0x00000000e0000000,0x00000000ee900000,0x00000000ee900000)
  from space 40960K, 76% used [0x00000000ee900000,0x00000000f077d418,0x00000000f1100000)
  to   space 44032K, 0% used [0x00000000f5880000,0x00000000f5880000,0x00000000f8380000)
 ParOldGen       total 196096K, used 50784K [0x00000000a0000000, 0x00000000abf80000, 0x00000000e0000000)
  object space 196096K, 25% used [0x00000000a0000000,0x00000000a3198000,0x00000000abf80000)
 Metaspace       used 83622K, capacity 94969K, committed 95232K, reserved 1132544K
  class space    used 11521K, capacity 12187K, committed 12288K, reserved 1048576K
Event: 31.252 GC heap after
Heap after GC invocations=19 (full 5):
 PSYoungGen      total 350720K, used 31069K [0x00000000e0000000, 0x00000000f9180000, 0x0000000100000000)
  eden space 306688K, 0% used [0x00000000e0000000,0x00000000e0000000,0x00000000f2b80000)
  from space 44032K, 70% used [0x00000000f5880000,0x00000000f76d7510,0x00000000f8380000)
  to   space 46080K, 0% used [0x00000000f2b80000,0x00000000f2b80000,0x00000000f5880000)
 ParOldGen       total 196096K, used 50792K [0x00000000a0000000, 0x00000000abf80000, 0x00000000e0000000)
  object space 196096K, 25% used [0x00000000a0000000,0x00000000a319a000,0x00000000abf80000)
 Metaspace       used 83622K, capacity 94969K, committed 95232K, reserved 1132544K
  class space    used 11521K, capacity 12187K, committed 12288K, reserved 1048576K
}

